# Домашнее задание к занятию "Индексы" - `Загурский Андрей`

### Задание 1

Напишите запрос к учебной базе данных, который вернёт процентное отношение общего размера всех индексов к общему размеру всех таблиц.

### *Ответ*:

```sql
SELECT
	concat(count(INDEX_LENGTH) / sum(DATA_LENGTH) * 100, '%') "Отношение"
FROM
	information_schema.tables;
```

![image](https://github.com/Anders1994/Homework/blob/main/ScreenShots/%D0%A1%D0%BA%D1%80%D0%B8%D0%BD%20544.png)

---

### Задание 2

Выполните explain analyze следующего запроса:
```sql
SELECT
	DISTINCT concat(c.last_name, ' ', c.first_name),
	sum(p.amount) OVER (PARTITION BY c.customer_id,
	f.title)
FROM
	payment p,
	rental r,
	customer c,
	inventory i,
	film f
WHERE
	date(p.payment_date) = '2005-07-30'
	AND p.payment_date = r.rental_date
	AND r.customer_id = c.customer_id
	AND i.inventory_id = r.inventory_id
```

- перечислите узкие места;
- оптимизируйте запрос: внесите корректировки по использованию операторов, при необходимости добавьте индексы.

### *Ответ*:
#### До оптимизации

Запрос выполнился за 12.7 **секунд**.

![image](https://github.com/Anders1994/Homework/blob/main/ScreenShots/%D0%A1%D0%BA%D1%80%D0%B8%D0%BD%20554.png)

```sql
-> Limit: 200 row(s)  (cost=0..0 rows=0) (actual time=16250..16250 rows=200 loops=1)
    -> Table scan on <temporary>  (cost=2.5..2.5 rows=0) (actual time=16250..16250 rows=200 loops=1)
        -> Temporary table with deduplication  (cost=0..0 rows=0) (actual time=16250..16250 rows=391 loops=1)
            -> Window aggregate with buffering: sum(payment.amount) OVER (PARTITION BY c.customer_id,f.title )   (actual time=6793..15721 rows=642000 loops=1)
                -> Sort: c.customer_id, f.title  (actual time=6793..7007 rows=642000 loops=1)
                    -> Stream results  (cost=10.5e+6 rows=16.3e+6) (actual time=0.653..5088 rows=642000 loops=1)
                        -> Nested loop inner join  (cost=10.5e+6 rows=16.3e+6) (actual time=0.647..4180 rows=642000 loops=1)
                            -> Nested loop inner join  (cost=8.89e+6 rows=16.3e+6) (actual time=0.644..3622 rows=642000 loops=1)
                                -> Nested loop inner join  (cost=7.26e+6 rows=16.3e+6) (actual time=0.638..3012 rows=642000 loops=1)
                                    -> Inner hash join (no condition)  (cost=1.61e+6 rows=16.1e+6) (actual time=0.628..251 rows=634000 loops=1)
                                        -> Filter: (cast(p.payment_date as date) = '2005-07-30')  (cost=1.68 rows=16086) (actual time=0.0545..66.6 rows=634 loops=1)
                                            -> Table scan on p  (cost=1.68 rows=16086) (actual time=0.0346..8.36 rows=16044 loops=1)
                                        -> Hash
                                            -> Covering index scan on f using idx_title  (cost=103 rows=1000) (actual time=0.0409..0.386 rows=1000 loops=1)
                                    -> Covering index lookup on r using rental_date (rental_date=p.payment_date)  (cost=0.25 rows=1.01) (actual time=0.00276..0.00378 rows=1.01 loops=634000)
                                -> Single-row index lookup on c using PRIMARY (customer_id=r.customer_id)  (cost=250e-6 rows=1) (actual time=500e-6..543e-6 rows=1 loops=642000)
                            -> Single-row covering index lookup on i using PRIMARY (inventory_id=r.inventory_id)  (cost=250e-6 rows=1) (actual time=382e-6..467e-6 rows=1 loops=642000)
```

#### После оптимизации

Запрос выполнился за 10 **мили секунд**.

![image](https://github.com/Anders1994/Homework/blob/main/ScreenShots/%D0%A1%D0%BA%D1%80%D0%B8%D0%BD%20555.png)

Из запроса исключено: оконная функция OVER, inventory i и film f.

Переписн оператор WHERE.

В запрос добавлено: оператор GROUP BY.

Создан индекс:
```sql
create index date_temp on payment(payment_date)
```

```sql
SELECT
	DISTINCT concat(c.last_name, ' ', c.first_name),
	sum(p.amount)
FROM
	payment p,
	rental r,
	customer c
WHERE
	date(p.payment_date) = '2005-07-30'
	AND p.payment_date = r.rental_date
	AND r.customer_id = c.customer_id
GROUP BY
	concat(c.last_name, ' ', c.first_name)
```
